[BootStrap]
File1=1,,setup1.ex_,setup1.exe,$(WinPath),,,1/21/2000 10:03:54,186368,5.0.0.3716,"","",""
File2=1,,VB5StKit.dl_,VB5StKit.dll,$(WinSysPath),,$(Shared),1/16/1997 0:00:00,29696,5.0.37.16,"","",""
File3=1,,MSVBVM50.dl_,MSVBVM50.dll,$(WinSysPathSysFile),$(DLLSelfRegister),,6/19/1998 20:01:00,1355776,5.1.43.19,"","",""
File4=1,,StdOle2.tl_,StdOle2.tlb,$(WinSysPathSysFile),$(TLBRegister),,1/15/1997 0:00:00,16896,2.20.4054.1,"","",""
File5=1,,OleAut32.dl_,OleAut32.dll,$(WinSysPathSysFile),$(DLLSelfRegister),,1/15/1997 0:00:00,491792,2.20.4054.1,"","",""
File6=2,,OlePro32.dl_,OlePro32.dll,$(WinSysPathSysFile),$(DLLSelfRegister),,1/15/1997 0:00:00,32528,5.0.4055.1,"","",""
File7=2,,AsycFilt.dl_,AsycFilt.dll,$(WinSysPathSysFile),,,1/15/1997 0:00:00,120592,2.20.4056.1,"","",""
File8=2,,Ctl3d32.dl_,Ctl3d32.dll,$(WinSysPathSysFile),,,8/21/1996 0:00:00,27136,2.31.0.0,"","",""
File9=2,,ComCat.dl_,ComCat.dll,$(WinSysPathSysFile),$(DLLSelfRegister),,10/31/1996 0:00:00,22288,4.71.1441.1,"","",""

[Files]
File1=2,,COMCTL32.OC_,COMCTL32.OCX,$(WinSysPath),$(DLLSelfRegister),$(Shared),6/25/1998 1:55:16,609584,6.0.80.22,"","",""
File2=2,,COMCT232.OC_,COMCT232.OCX,$(WinSysPath),$(DLLSelfRegister),$(Shared),1/16/1997 0:00:00,154896,5.0.37.14,"","",""
File3=2,,COMDLG32.OC_,COMDLG32.OCX,$(WinSysPath),$(DLLSelfRegister),$(Shared),6/25/1998 1:55:18,140096,6.0.81.69,"","",""
File4=2,,MSRDO20.DL_,MSRDO20.DLL,$(WinSysPath),,$(Shared),1/16/1997 0:00:00,376080,5.0.37.14,"","",""
File5=2,,rdocurs.dl_,rdocurs.dll,$(WinSysPath),,$(Shared),1/16/1997 0:00:00,97552,1.0.0.256,"","",""
File6=2,,adme.dl_,adme.dll,$(WinSysPath),,$(Shared),1/12/1997 0:00:00,57856,1997.1.8.205,"","",""
File7=2,,dtccm.dl_,dtccm.dll,$(WinSysPath),,$(Shared),1/12/1997 0:00:00,194048,1997.1.8.205,"","",""
File8=2,,dtctrace.dl_,dtctrace.dll,$(WinSysPath),,$(Shared),1/12/1997 0:00:00,7168,1.0.0.2,"","",""
File9=2,,dtcutil.dl_,dtcutil.dll,$(WinSysPath),,$(Shared),1/12/1997 0:00:00,48128,1997.1.8.205,"","",""
File10=2,,msdtcprx.dl_,msdtcprx.dll,$(WinSysPath),,$(Shared),1/12/1997 0:00:00,171008,1997.1.8.205,"","",""
File11=2,,xolehlp.dl_,xolehlp.dll,$(WinSysPath),,$(Shared),1/12/1997 0:00:00,22016,1997.1.8.205,"","",""
File12=2,,DAO350.DL_,DAO350.DLL,$(MSDAOPath),$(DLLSelfRegister),$(Shared),12/5/1996 0:00:00,582144,3.50.3602.0,"","",""
File13=3,,MSJtEr35.dl_,MSJtEr35.dll,$(WinSysPathSysFile),,,12/5/1996 0:00:00,24336,3.50.3602.0,"","",""
File14=3,,MSJInt35.dl_,MSJInt35.dll,$(WinSysPathSysFile),,,1/13/1997 0:00:00,37136,3.50.3602.5,"","",""
File15=3,,MSVCRT40.dl_,MSVCRT40.dll,$(WinSysPathSysFile),,,7/31/1996 0:00:00,326656,4.10.0.6038,"","",""
File16=3,,sc32w.dl_,sc32w.dll,$(WinSysPath),,$(Shared),7/5/1996 14:28:44,29184,0.5.0.2,"","",""
File17=3,,MSJet35.dl_,MSJet35.dll,$(WinSysPathSysFile),$(DLLSelfRegister),,12/21/1996 0:00:00,1039360,3.50.3602.4,"","",""
File18=3,,VBAJet32.dl_,VBAJet32.dll,$(WinSysPathSysFile),,,1/22/1999 0:00:00,30992,6.0.1.8268,"","",""
File19=3,,VB5DB.dl_,VB5DB.dll,$(WinSysPath),,$(Shared),1/24/1997 0:00:00,78608,5.0.37.24,"","",""
File20=3,,MSRD2x35.dl_,MSRD2x35.dll,$(WinSysPathSysFile),$(DLLSelfRegister),,12/5/1996 0:00:00,251664,3.50.3602.0,"","",""
File21=3,,MsRepl35.dl_,MsRepl35.dll,$(WinSysPathSysFile),,,12/5/1996 0:00:00,403216,3.50.3602.0,"","",""
File22=4,,MSFLXGRD.OC_,MSFLXGRD.OCX,$(WinSysPath),$(DLLSelfRegister),$(Shared),1/16/1997 0:00:00,200976,5.0.37.14,"","",""
File23=4,,ODBCJt32.dl_,ODBCJt32.dll,$(WinSysPathSysFile),,,12/5/1996 0:00:00,241664,3.50.3602.0,"","",""
File24=4,,ODBCJI32.dl_,ODBCJI32.dll,$(WinSysPathSysFile),,,12/5/1996 0:00:00,37888,3.50.3602.0,"","",""
File25=4,,ODBCTL32.dl_,ODBCTL32.dll,$(WinSysPathSysFile),,,12/5/1996 0:00:00,77824,3.50.3602.0,"","",""
File26=4,,MSXBSE35.DL_,MSXBSE35.DLL,$(WinSysPathSysFile),$(DLLSelfRegister),,12/5/1996 0:00:00,290816,3.50.3602.0,"","",""
File27=4,,CTL3DV2.DL_,CTL3DV2.DLL,$(WinSysPath),,$(Shared),11/6/1997 12:10:58,26992,2.29.0.0,"","",""
File28=4,,MSVCRT.DL_,MSVCRT.DLL,$(WinSysPath),,$(Shared),6/5/1997 18:13:20,271632,5.0.0.7022,"","",""
File29=4,,SENTINEL.VX_,SENTINEL.VXD,$(WinSysPath),,,6/27/1997 5:33:00,64868,0.5.0.33,"","",""
File30=4,,Vbar332.dl_,Vbar332.dll,$(WinSysPath),,$(Shared),11/8/1996 2:48:12,368912,3.0.0.6908,"","",""
File31=4,,MSVCRT2X.DL_,MSVCRT2X.DLL,$(WinSysPath),,$(Shared),10/2/1995 13:09:12,255488,2.11.0.0,"","",""
File32=5,,Gsm2000.ex_,Gsm2000.exe,$(AppPath),$(EXESelfRegister),,1/24/2000 10:13:38,2256896,4.0.0.3,"","ANT FOR GSM2000","$(AppPath)\Gsm2000.exe"
File33=6,,Base_add.db_,Base_add.dbf,$(AppPath),,,10/30/1997 11:05:56,161,,"","",""
File34=6,,C_I.DB_,C_I.DBF,$(AppPath),,,4/18/1997 13:55:42,194,,"","",""
File35=6,,C_I.TA_,C_I.TAB,$(AppPath),,,4/18/1997 13:55:42,249,,"","",""
File36=6,,CCH.DB_,CCH.DBF,$(AppPath),,,8/12/1997 9:42:02,705,,"","",""
File37=6,,CQT.DB_,CQT.DBF,$(AppPath),,,8/16/1997 13:03:14,577,,"","",""
File38=6,,DATA_NEW.DB_,DATA_NEW.DBF,$(AppPath),,,6/24/1998 10:01:01,2465,,"","",""
File39=6,,E_CCH.DB_,E_CCH.DBF,$(AppPath),,,8/7/1997 13:57:18,481,,"","",""
File40=6,,E_TCH.DB_,E_TCH.DBF,$(AppPath),,,8/7/1997 13:58:52,609,,"","",""
File41=6,,GSM.DA_,GSM.DAT,$(AppPath),,,11/8/1997 10:22:26,37,,"","",""
File42=6,,GSM.CN_,GSM.CNT,$(AppPath),,,6/11/1997 17:47:24,290578,,"","",""
File43=6,,GSM.HL_,GSM.HLP,$(AppPath),,,6/11/1997 17:47:24,290578,,"","",""
File44=6,,MAPINFOW.PR_,MAPINFOW.PRF,$(WinPath),,,11/11/1997 23:05:54,5904,,"","",""
File45=6,,Ncell.db_,Ncell.dbf,$(AppPath),,,10/18/1997 10:20:36,2209,,"","",""
File46=6,,SCAN.DB_,SCAN.DBF,$(AppPath),,,3/27/1997 10:37:26,1089,,"","",""
File47=6,,SWITCH.DA_,SWITCH.DAT,$(AppPath),,,3/27/1997 10:37:26,1089,,"","",""
File48=6,,TCH.DB_,TCH.DBF,$(AppPath),,,8/12/1997 9:40:56,865,,"","",""
File49=6,,CELLSTRU.DB_,CELLSTRU.DBF,$(AppPath),,,8/12/1997 9:40:56,865,,"","",""
File50=6,,TEMS_MSG.DA_,TEMS_MSG.DAT,$(AppPath),,,4/3/1997 15:55:12,2658,,"","",""
File51=6,,TEMS_MSG.DB_,TEMS_MSG.DBF,$(AppPath),,,2/25/1997 13:55:28,1585,,"","",""
File52=6,,TEMS_MSG.TA_,TEMS_MSG.TAB,$(AppPath),,,4/3/1997 15:55:12,152,,"","",""
File53=6,,CELL_1.BM_,CELL_1.BMP,$(AppPath)\Bmp,,,12/24/1996 14:08:44,457654,,"","",""
File54=6,,ant_sign.bm_,ant_sign.bmp,$(AppPath)\Bmp,,,11/8/1997 13:29:06,15298,,"","",""
File55=6,,BRAKE.BM_,BRAKE.BMP,$(AppPath)\Mysymb,,,7/19/1996 15:42:46,406,,"","",""
File56=6,,CALL_A.BM_,CALL_A.BMP,$(AppPath)\Mysymb,,,12/15/1996 18:18:48,2374,,"","",""
File57=6,,CHAN_REL.BM_,CHAN_REL.BMP,$(AppPath)\Mysymb,,,5/17/1995 18:37:02,2374,,"","",""
File58=6,,CM.BM_,CM.BMP,$(AppPath)\Mysymb,,,7/21/1996 12:34:14,370,,"","",""
File59=6,,CONN_F.BM_,CONN_F.BMP,$(AppPath)\Mysymb,,,12/9/1996 18:23:50,2374,,"","",""
File60=6,,CONNECT.BM_,CONNECT.BMP,$(AppPath)\Mysymb,,,12/15/1996 12:32:12,2374,,"","",""
File61=6,,DISCON.BM_,DISCON.BMP,$(AppPath)\Mysymb,,,12/9/1996 18:26:08,2374,,"","",""
File62=6,,G.BM_,G.BMP,$(AppPath)\Mysymb,,,12/23/1996 13:35:30,1750,,"","",""
File63=6,,HAND_A.BM_,HAND_A.BMP,$(AppPath)\Mysymb,,,12/15/1996 18:05:52,2374,,"","",""
File64=6,,HAND_C.BM_,HAND_C.BMP,$(AppPath)\Mysymb,,,3/24/1997 16:24:48,2374,,"","",""
File65=6,,HAND_COM.BM_,HAND_COM.BMP,$(AppPath)\Mysymb,,,3/24/1997 16:26:08,2374,,"","",""
File66=6,,HAND_F.BM_,HAND_F.BMP,$(AppPath)\Mysymb,,,3/24/1997 16:29:50,2374,,"","",""
File67=6,,HAND_REQ.BM_,HAND_REQ.BMP,$(AppPath)\Mysymb,,,12/15/1996 17:52:34,2374,,"","",""
File68=6,,IDLE.BM_,IDLE.BMP,$(AppPath)\Mysymb,,,3/24/1997 16:02:26,2374,,"","",""
File69=6,,IMM.BM_,IMM.BMP,$(AppPath)\Mysymb,,,5/17/1995 18:35:34,2374,,"","",""
File70=6,,LAY3.BM_,LAY3.BMP,$(AppPath)\Mysymb,,,4/3/1997 15:36:12,2374,,"","",""
File71=6,,LOC_ACC.BM_,LOC_ACC.BMP,$(AppPath)\Mysymb,,,3/24/1997 16:05:50,406,,"","",""
File72=6,,LOC_F.BM_,LOC_F.BMP,$(AppPath)\Mysymb,,,3/24/1997 16:06:44,406,,"","",""
File73=6,,NEW1.BM_,NEW1.BMP,$(AppPath)\Mysymb,,,6/27/1996 8:54:34,630,,"","",""
File74=6,,PP.BM_,PP.BMP,$(AppPath)\Mysymb,,,7/23/1996 0:14:06,406,,"","",""
File75=6,,PP1.BM_,PP1.BMP,$(AppPath)\Mysymb,,,7/23/1996 0:19:18,406,,"","",""
File76=6,,RELE_C.BM_,RELE_C.BMP,$(AppPath)\Mysymb,,,12/9/1996 18:30:40,2374,,"","",""
File77=6,,RELE_F.BM_,RELE_F.BMP,$(AppPath)\Mysymb,,,12/9/1996 18:29:42,2374,,"","",""
File78=6,,RELEASE.BM_,RELEASE.BMP,$(AppPath)\Mysymb,,,12/9/1996 18:30:40,2374,,"","",""
File79=6,,SETUP.BM_,SETUP.BMP,$(AppPath)\Mysymb,,,12/9/1996 18:31:22,2374,,"","",""
File80=6,,TOWE1-32.BM_,TOWE1-32.BMP,$(AppPath)\Mysymb,,,7/22/1996 23:45:18,630,,"","",""
File81=6,,UP_RELE.BM_,UP_RELE.BMP,$(AppPath)\Mysymb,,,12/15/1996 18:08:50,2374,,"","",""
File82=6,,WATCHPOI.BM_,WATCHPOI.BMP,$(AppPath)\Mysymb,,,7/19/1996 16:51:48,406,,"","",""
File83=6,,Blocked.bm_,Blocked.bmp,$(AppPath)\Mysymb,,,7/1/1998 14:32:42,630,,"","",""
File84=6,,Dropped.bm_,Dropped.bmp,$(AppPath)\Mysymb,,,7/1/1998 14:16:46,2102,,"","",""
File85=6,,Good.bm_,Good.bmp,$(AppPath)\Mysymb,,,7/1/1998 14:19:30,598,,"","",""
File86=6,,Handcomp.bm_,Handcomp.bmp,$(AppPath)\Mysymb,,,7/1/1998 14:17:12,630,,"","",""
File87=6,,Handfail.bm_,Handfail.bmp,$(AppPath)\Mysymb,,,7/1/1998 14:17:24,2102,,"","",""
File88=6,,Noisy.bm_,Noisy.bmp,$(AppPath)\Mysymb,,,7/1/1998 14:38:36,598,,"","",""
File89=6,,NoService.bm_,NoService.bmp,$(AppPath)\Mysymb,,,7/1/1998 14:26:32,630,,"","",""
File90=6,,Start.bm_,Start.bmp,$(AppPath)\Mysymb,,,7/1/1998 14:11:10,2102,,"","",""

[Fonts]
File1=6,,TTMIAR__.TT_,TTMIAR__.TTF,$(WinPath)\Fonts,,,8/18/1995 10:50:12,8420,,"","",""
File2=6,,TTMICG__.TT_,TTMICG__.TTF,$(WinPath)\Fonts,,,10/19/1995 14:49:40,20288,,"","",""
File3=6,,TTMIMI__.TT_,TTMIMI__.TTF,$(WinPath)\Fonts,,,10/19/1995 14:49:40,42300,,"","",""
File4=6,,TTMIOG__.TT_,TTMIOG__.TTF,$(WinPath)\Fonts,,,10/31/1995 10:37:38,6632,,"","",""
File5=6,,TTMIOS__.TT_,TTMIOS__.TTF,$(WinPath)\Fonts,,,8/18/1995 10:50:14,6672,,"","",""
File6=6,,TTMIRE__.TT_,TTMIRE__.TTF,$(WinPath)\Fonts,,,10/19/1995 14:49:40,14584,,"","",""
File7=6,,TTMITC__.TT_,TTMITC__.TTF,$(WinPath)\Fonts,,,10/19/1995 14:49:40,33236,,"","",""
File8=6,,TTMIWE__.TT_,TTMIWE__.TTF,$(WinPath)\Fonts,,,10/18/1995 22:41:00,6704,,"","",""

[Setup]
Title=ANT FOR GSM2000
DefProgramGroup=ANT FOR GSM2000
DefaultDir=C:\GSM2000
Setup=setup1.exe
AppExe=Gsm2000.exe
AppToUninstall=Gsm2000.exe
AppPath=