

***********************************************************************
Fatal NI connect error 12203, connecting to:
 (DESCRIPTION=(ADDRESS=(PROTOCOL=TCP)(HOST=192.168.0.6)(PORT=1521))(CONNECT_DATA=(SID=orc3)(CID=(PROGRAM=C:\复件 ALL  CDDSYS\CDDSYS.EXE)(HOST=FANNING)(USER=OraUser))))

  VERSION INFORMATION:
	TNS for 32-bit Windows: Version 8.0.5.0.0 - Production
	Windows NT TCP/IP NT Protocol Adapter for 32-bit Windows: Version 8.0.5.0.0 - Production
  Time: 20-12月-99 15:43:17
  Tracing not turned on.
  Tns error struct:
    nr err code: 12203
    TNS-12203: TNS：无法连接到终点
    ns main err code: 12535
    TNS-12535: TNS：操作超时
    ns secondary err code: 12560
    nt main err code: 505
    TNS-00505: 操作超时
    nt secondary err code: 60
    nt OS err code: 0


***********************************************************************
Fatal NI connect error 12203, connecting to:
 (DESCRIPTION=(ADDRESS=(PROTOCOL=TCP)(HOST=192.168.0.6)(PORT=1521))(CONNECT_DATA=(SID=orc3)(CID=(PROGRAM=C:\复件 ALL  CDDSYS\CDDSYS.EXE)(HOST=FANNING)(USER=OraUser))))

  VERSION INFORMATION:
	TNS for 32-bit Windows: Version 8.0.5.0.0 - Production
	Windows NT TCP/IP NT Protocol Adapter for 32-bit Windows: Version 8.0.5.0.0 - Production
  Time: 20-12月-99 15:43:27
  Tracing not turned on.
  Tns error struct:
    nr err code: 12203
    TNS-12203: TNS：无法连接到终点
    ns main err code: 12535
    TNS-12535: TNS：操作超时
    ns secondary err code: 12560
    nt main err code: 505
    TNS-00505: 操作超时
    nt secondary err code: 60
    nt OS err code: 0


***********************************************************************
Fatal NI connect error 12224, connecting to:
 (DESCRIPTION=(ADDRESS=(PROTOCOL=TCP)(HOST=192.168.0.6)(PORT=1521))(CONNECT_DATA=(SID=NQI)(CID=(PROGRAM=C:\1217. ALL  CDDSYS\CDDSYS.EXE)(HOST=FANNING)(USER=s_yz))))

  VERSION INFORMATION:
	TNS for 32-bit Windows: Version 8.0.5.0.0 - Production
	Windows NT TCP/IP NT Protocol Adapter for 32-bit Windows: Version 8.0.5.0.0 - Production
  Time: 04-12月-99 13:38:38
  Tracing not turned on.
  Tns error struct:
    nr err code: 12224
    TNS-12224: TNS：无监听器
    ns main err code: 12541
    TNS-12541: TNS：无监听器
    ns secondary err code: 12560
    nt main err code: 511
    TNS-00511: 无监听器
    nt secondary err code: 61
    nt OS err code: 0


***********************************************************************
Fatal NI connect error 12203, connecting to:
 (DESCRIPTION=(ADDRESS=(PROTOCOL=TCP)(HOST=192.168.0.6)(PORT=1521))(CONNECT_DATA=(SID=NQI)(CID=(PROGRAM=C:\1217. ALL  CDDSYS\CDDSYS.EXE)(HOST=FANNING)(USER=OraUser))))

  VERSION INFORMATION:
	TNS for 32-bit Windows: Version 8.0.5.0.0 - Production
	Windows NT TCP/IP NT Protocol Adapter for 32-bit Windows: Version 8.0.5.0.0 - Production
  Time: 04-12月-99 14:15:24
  Tracing not turned on.
  Tns error struct:
    nr err code: 12203
    TNS-12203: TNS：无法连接到终点
    ns main err code: 12535
    TNS-12535: TNS：操作超时
    ns secondary err code: 12560
    nt main err code: 505
    TNS-00505: 操作超时
    nt secondary err code: 60
    nt OS err code: 0


***********************************************************************
Fatal NI connect error 12203, connecting to:
 (DESCRIPTION=(ADDRESS=(PROTOCOL=TCP)(HOST=192.168.0.6)(PORT=1521))(CONNECT_DATA=(SID=NQI)(CID=(PROGRAM=C:\1217. ALL  CDDSYS\CDDSYS.EXE)(HOST=FANNING)(USER=OraUser))))

  VERSION INFORMATION:
	TNS for 32-bit Windows: Version 8.0.5.0.0 - Production
	Windows NT TCP/IP NT Protocol Adapter for 32-bit Windows: Version 8.0.5.0.0 - Production
  Time: 04-12月-99 14:15:38
  Tracing not turned on.
  Tns error struct:
    nr err code: 12203
    TNS-12203: TNS：无法连接到终点
    ns main err code: 12535
    TNS-12535: TNS：操作超时
    ns secondary err code: 12560
    nt main err code: 505
    TNS-00505: 操作超时
    nt secondary err code: 60
    nt OS err code: 0


***********************************************************************
Fatal NI connect error 12203, connecting to:
 (DESCRIPTION=(ADDRESS_LIST=(ADDRESS=(PROTOCOL=BEQ)(PROGRAM=oracle80)(ARGV0=oracle80ORCL)(ARGS='(DESCRIPTION=(LOCAL=YES)(ADDRESS=(PROTOCOL=beq)))')))(CONNECT_DATA=(SID=ORCL)(CID=(PROGRAM=E:\PROGRAM FILES\BORLAND\DELPHI4\BIN\DELPHI32.EXE)(HOST=FANNING)(USER=s_yz))))

  VERSION INFORMATION:
	TNS for 32-bit Windows: Version 8.0.5.0.0 - Production
	Oracle Bequeath NT Protocol Adapter for 32-bit Windows: Version 8.0.5.0.0 - Production
  Time: 05-12月-99 09:53:01
  Tracing not turned on.
  Tns error struct:
    nr err code: 12203
    TNS-12203: TNS：无法连接到终点
    ns main err code: 12560
    TNS-12560: TNS：协议适配器出现错误
    ns secondary err code: 0
    nt main err code: 102
    TNS-00102: 关键字值结合操作错误
    nt secondary err code: 0
    nt OS err code: 0


***********************************************************************
Fatal NI connect error 12203, connecting to:
 (DESCRIPTION=(ADDRESS_LIST=(ADDRESS=(PROTOCOL=BEQ)(PROGRAM=oracle80)(ARGV0=oracle80ORCL)(ARGS='(DESCRIPTION=(LOCAL=YES)(ADDRESS=(PROTOCOL=beq)))')))(CONNECT_DATA=(SID=ORCL)(CID=(PROGRAM=E:\PROGRAM FILES\BORLAND\DELPHI4\BIN\DELPHI32.EXE)(HOST=FANNING)(USER=s_yz))))

  VERSION INFORMATION:
	TNS for 32-bit Windows: Version 8.0.5.0.0 - Production
	Oracle Bequeath NT Protocol Adapter for 32-bit Windows: Version 8.0.5.0.0 - Production
  Time: 05-12月-99 10:01:13
  Tracing not turned on.
  Tns error struct:
    nr err code: 12203
    TNS-12203: TNS：无法连接到终点
    ns main err code: 12560
    TNS-12560: TNS：协议适配器出现错误
    ns secondary err code: 0
    nt main err code: 102
    TNS-00102: 关键字值结合操作错误
    nt secondary err code: 0
    nt OS err code: 0


***********************************************************************
Fatal NI connect error 12203, connecting to:
 (DESCRIPTION=(ADDRESS_LIST=(ADDRESS=(PROTOCOL=BEQ)(PROGRAM=oracle80)(ARGV0=oracle80ORCL)(ARGS='(DESCRIPTION=(LOCAL=YES)(ADDRESS=(PROTOCOL=beq)))')))(CONNECT_DATA=(SID=ORCL)(CID=(PROGRAM=E:\PROGRAM FILES\BORLAND\DELPHI4\BIN\DELPHI32.EXE)(HOST=FANNING)(USER=s_yz))))

  VERSION INFORMATION:
	TNS for 32-bit Windows: Version 8.0.5.0.0 - Production
	Oracle Bequeath NT Protocol Adapter for 32-bit Windows: Version 8.0.5.0.0 - Production
  Time: 05-12月-99 10:01:13
  Tracing not turned on.
  Tns error struct:
    nr err code: 12203
    TNS-12203: TNS：无法连接到终点
    ns main err code: 12560
    TNS-12560: TNS：协议适配器出现错误
    ns secondary err code: 0
    nt main err code: 102
    TNS-00102: 关键字值结合操作错误
    nt secondary err code: 0
    nt OS err code: 0


***********************************************************************
Fatal NI connect error 12203, connecting to:
 (DESCRIPTION=(ADDRESS_LIST=(ADDRESS=(PROTOCOL=BEQ)(PROGRAM=oracle80)(ARGV0=oracle80ORCL)(ARGS='(DESCRIPTION=(LOCAL=YES)(ADDRESS=(PROTOCOL=beq)))')))(CONNECT_DATA=(SID=ORCL)(CID=(PROGRAM=D:\新建文件夹\CDD_1111\复件 CDDSYS\CDDSYS.EXE)(HOST=S_YZ)(USER=s_yz))))

  VERSION INFORMATION:
	TNS for 32-bit Windows: Version 8.0.5.0.0 - Production
	Oracle Bequeath NT Protocol Adapter for 32-bit Windows: Version 8.0.5.0.0 - Production
  Time: 15-12月-99 10:14:06
  Tracing not turned on.
  Tns error struct:
    nr err code: 12203
    TNS-12203: TNS：无法连接到终点
    ns main err code: 12560
    TNS-12560: TNS：协议适配器出现错误
    ns secondary err code: 0
    nt main err code: 102
    TNS-00102: 关键字值结合操作错误
    nt secondary err code: 0
    nt OS err code: 0


***********************************************************************
Fatal NI connect error 12203, connecting to:
 (DESCRIPTION=(ADDRESS_LIST=(ADDRESS=(PROTOCOL=BEQ)(PROGRAM=oracle80)(ARGV0=oracle80ORCL)(ARGS='(DESCRIPTION=(LOCAL=YES)(ADDRESS=(PROTOCOL=beq)))')))(CONNECT_DATA=(SID=ORCL)(CID=(PROGRAM=D:\新建文件夹\CDD_1111\复件 CDDSYS\CDDSYS.EXE)(HOST=S_YZ)(USER=s_yz))))

  VERSION INFORMATION:
	TNS for 32-bit Windows: Version 8.0.5.0.0 - Production
	Oracle Bequeath NT Protocol Adapter for 32-bit Windows: Version 8.0.5.0.0 - Production
  Time: 15-12月-99 10:15:16
  Tracing not turned on.
  Tns error struct:
    nr err code: 12203
    TNS-12203: TNS：无法连接到终点
    ns main err code: 12560
    TNS-12560: TNS：协议适配器出现错误
    ns secondary err code: 0
    nt main err code: 102
    TNS-00102: 关键字值结合操作错误
    nt secondary err code: 0
    nt OS err code: 0


***********************************************************************
Fatal NI connect error 12203, connecting to:
 (DESCRIPTION=(ADDRESS_LIST=(ADDRESS=(PROTOCOL=BEQ)(PROGRAM=oracle80)(ARGV0=oracle80ORCL)(ARGS='(DESCRIPTION=(LOCAL=YES)(ADDRESS=(PROTOCOL=beq)))')))(CONNECT_DATA=(SID=ORCL)(CID=(PROGRAM=D:\新建文件夹\CDD_1111\复件 CDDSYS\CDDSYS.EXE)(HOST=S_YZ)(USER=s_yz))))

  VERSION INFORMATION:
	TNS for 32-bit Windows: Version 8.0.5.0.0 - Production
	Oracle Bequeath NT Protocol Adapter for 32-bit Windows: Version 8.0.5.0.0 - Production
  Time: 15-12月-99 10:17:01
  Tracing not turned on.
  Tns error struct:
    nr err code: 12203
    TNS-12203: TNS：无法连接到终点
    ns main err code: 12560
    TNS-12560: TNS：协议适配器出现错误
    ns secondary err code: 0
    nt main err code: 102
    TNS-00102: 关键字值结合操作错误
    nt secondary err code: 0
    nt OS err code: 0


***********************************************************************
Fatal NI connect error 12203, connecting to:
 (DESCRIPTION=(ADDRESS_LIST=(ADDRESS=(PROTOCOL=BEQ)(PROGRAM=oracle80)(ARGV0=oracle80ORCL)(ARGS='(DESCRIPTION=(LOCAL=YES)(ADDRESS=(PROTOCOL=beq)))')))(CONNECT_DATA=(SID=ORCL)(CID=(PROGRAM=D:\新建文件夹\CDD_1111\复件 CDDSYS\CDDSYS.EXE)(HOST=S_YZ)(USER=s_yz))))

  VERSION INFORMATION:
	TNS for 32-bit Windows: Version 8.0.5.0.0 - Production
	Oracle Bequeath NT Protocol Adapter for 32-bit Windows: Version 8.0.5.0.0 - Production
  Time: 15-12月-99 10:20:05
  Tracing not turned on.
  Tns error struct:
    nr err code: 12203
    TNS-12203: TNS：无法连接到终点
    ns main err code: 12560
    TNS-12560: TNS：协议适配器出现错误
    ns secondary err code: 0
    nt main err code: 102
    TNS-00102: 关键字值结合操作错误
    nt secondary err code: 0
    nt OS err code: 0


***********************************************************************
Fatal NI connect error 12203, connecting to:
 (DESCRIPTION=(ADDRESS_LIST=(ADDRESS=(PROTOCOL=BEQ)(PROGRAM=oracle80)(ARGV0=oracle80ORCL)(ARGS='(DESCRIPTION=(LOCAL=YES)(ADDRESS=(PROTOCOL=beq)))')))(CONNECT_DATA=(SID=ORCL)(CID=(PROGRAM=D:\新建文件夹\CDD_1111\复件 CDDSYS\CDDSYS.EXE)(HOST=S_YZ)(USER=s_yz))))

  VERSION INFORMATION:
	TNS for 32-bit Windows: Version 8.0.5.0.0 - Production
	Oracle Bequeath NT Protocol Adapter for 32-bit Windows: Version 8.0.5.0.0 - Production
  Time: 15-12月-99 10:22:41
  Tracing not turned on.
  Tns error struct:
    nr err code: 12203
    TNS-12203: TNS：无法连接到终点
    ns main err code: 12560
    TNS-12560: TNS：协议适配器出现错误
    ns secondary err code: 0
    nt main err code: 102
    TNS-00102: 关键字值结合操作错误
    nt secondary err code: 0
    nt OS err code: 0


***********************************************************************
Fatal NI connect error 12203, connecting to:
 (DESCRIPTION=(ADDRESS_LIST=(ADDRESS=(PROTOCOL=BEQ)(PROGRAM=oracle80)(ARGV0=oracle80ORCL)(ARGS='(DESCRIPTION=(LOCAL=YES)(ADDRESS=(PROTOCOL=beq)))')))(CONNECT_DATA=(SID=ORCL)(CID=(PROGRAM=D:\新建文件夹\CDD_1111\复件 CDDSYS\CDDSYS.EXE)(HOST=S_YZ)(USER=s_yz))))

  VERSION INFORMATION:
	TNS for 32-bit Windows: Version 8.0.5.0.0 - Production
	Oracle Bequeath NT Protocol Adapter for 32-bit Windows: Version 8.0.5.0.0 - Production
  Time: 15-12月-99 10:23:56
  Tracing not turned on.
  Tns error struct:
    nr err code: 12203
    TNS-12203: TNS：无法连接到终点
    ns main err code: 12560
    TNS-12560: TNS：协议适配器出现错误
    ns secondary err code: 0
    nt main err code: 102
    TNS-00102: 关键字值结合操作错误
    nt secondary err code: 0
    nt OS err code: 0


***********************************************************************
Fatal NI connect error 12203, connecting to:
 (DESCRIPTION=(ADDRESS_LIST=(ADDRESS=(PROTOCOL=BEQ)(PROGRAM=oracle80)(ARGV0=oracle80ORCL)(ARGS='(DESCRIPTION=(LOCAL=YES)(ADDRESS=(PROTOCOL=beq)))')))(CONNECT_DATA=(SID=ORCL)(CID=(PROGRAM=D:\新建文件夹\CDD_1111\复件 CDDSYS\CDDSYS.EXE)(HOST=S_YZ)(USER=s_yz))))

  VERSION INFORMATION:
	TNS for 32-bit Windows: Version 8.0.5.0.0 - Production
	Oracle Bequeath NT Protocol Adapter for 32-bit Windows: Version 8.0.5.0.0 - Production
  Time: 15-12月-99 10:26:14
  Tracing not turned on.
  Tns error struct:
    nr err code: 12203
    TNS-12203: TNS：无法连接到终点
    ns main err code: 12560
    TNS-12560: TNS：协议适配器出现错误
    ns secondary err code: 0
    nt main err code: 102
    TNS-00102: 关键字值结合操作错误
    nt secondary err code: 0
    nt OS err code: 0


***********************************************************************
Fatal NI connect error 12203, connecting to:
 (DESCRIPTION=(ADDRESS_LIST=(ADDRESS=(PROTOCOL=BEQ)(PROGRAM=oracle80)(ARGV0=oracle80ORCL)(ARGS='(DESCRIPTION=(LOCAL=YES)(ADDRESS=(PROTOCOL=beq)))')))(CONNECT_DATA=(SID=ORCL)(CID=(PROGRAM=C:\PROGRAM FILES\BORLAND\DELPHI4\BIN\DELPHI32.EXE)(HOST=S_YZ)(USER=s_yz))))

  VERSION INFORMATION:
	TNS for 32-bit Windows: Version 8.0.5.0.0 - Production
	Oracle Bequeath NT Protocol Adapter for 32-bit Windows: Version 8.0.5.0.0 - Production
  Time: 15-12月-99 10:26:57
  Tracing not turned on.
  Tns error struct:
    nr err code: 12203
    TNS-12203: TNS：无法连接到终点
    ns main err code: 12560
    TNS-12560: TNS：协议适配器出现错误
    ns secondary err code: 0
    nt main err code: 102
    TNS-00102: 关键字值结合操作错误
    nt secondary err code: 0
    nt OS err code: 0


***********************************************************************
Fatal NI connect error 12203, connecting to:
 (DESCRIPTION=(ADDRESS_LIST=(ADDRESS=(PROTOCOL=BEQ)(PROGRAM=oracle80)(ARGV0=oracle80ORCL)(ARGS='(DESCRIPTION=(LOCAL=YES)(ADDRESS=(PROTOCOL=beq)))')))(CONNECT_DATA=(SID=ORCL)(CID=(PROGRAM=D:\新建文件夹\CDD_1111\复件 CDDSYS\CDDSYS.EXE)(HOST=S_YZ)(USER=s_yz))))

  VERSION INFORMATION:
	TNS for 32-bit Windows: Version 8.0.5.0.0 - Production
	Oracle Bequeath NT Protocol Adapter for 32-bit Windows: Version 8.0.5.0.0 - Production
  Time: 15-12月-99 10:28:50
  Tracing not turned on.
  Tns error struct:
    nr err code: 12203
    TNS-12203: TNS：无法连接到终点
    ns main err code: 12560
    TNS-12560: TNS：协议适配器出现错误
    ns secondary err code: 0
    nt main err code: 102
    TNS-00102: 关键字值结合操作错误
    nt secondary err code: 0
    nt OS err code: 0


***********************************************************************
Fatal NI connect error 12203, connecting to:
 (DESCRIPTION=(ADDRESS_LIST=(ADDRESS=(PROTOCOL=BEQ)(PROGRAM=oracle80)(ARGV0=oracle80ORCL)(ARGS='(DESCRIPTION=(LOCAL=YES)(ADDRESS=(PROTOCOL=beq)))')))(CONNECT_DATA=(SID=ORCL)(CID=(PROGRAM=C:\PROGRAM FILES\BORLAND\DELPHI4\BIN\DELPHI32.EXE)(HOST=S_YZ)(USER=s_yz))))

  VERSION INFORMATION:
	TNS for 32-bit Windows: Version 8.0.5.0.0 - Production
	Oracle Bequeath NT Protocol Adapter for 32-bit Windows: Version 8.0.5.0.0 - Production
  Time: 15-12月-99 10:31:08
  Tracing not turned on.
  Tns error struct:
    nr err code: 12203
    TNS-12203: TNS：无法连接到终点
    ns main err code: 12560
    TNS-12560: TNS：协议适配器出现错误
    ns secondary err code: 0
    nt main err code: 102
    TNS-00102: 关键字值结合操作错误
    nt secondary err code: 0
    nt OS err code: 0


***********************************************************************
Fatal NI connect error 6413, connecting to:
 (DESCRIPTION=(ADDRESS=(PROTOCOL=TCP)(HOST=192.168.0.6)(PORT=1521))(CONNECT_DATA=(SID=NQI)(CID=(PROGRAM=E:\新建文件夹 (2)\复件 复件 CDDSYS\CDDSYS.EXE)(HOST=S_YZ)(USER=s_yz))))

  VERSION INFORMATION:
	TNS for 32-bit Windows: Version 8.0.5.0.0 - Production
  Time: 20-12月-99 15:21:07
  Tracing not turned on.


***********************************************************************
Fatal NI connect error 6413, connecting to:
 (DESCRIPTION=(ADDRESS_LIST=(ADDRESS=(PROTOCOL=BEQ)(PROGRAM=oracle80)(ARGV0=oracle80ORCL)(ARGS='(DESCRIPTION=(LOCAL=YES)(ADDRESS=(PROTOCOL=beq)))')))(CONNECT_DATA=(SID=ORCL)(CID=(PROGRAM=E:\新建文件夹 (2)\复件 复件 CDDSYS\CDDSYS.EXE)(HOST=S_YZ)(USER=s_yz))))

  VERSION INFORMATION:
	TNS for 32-bit Windows: Version 8.0.5.0.0 - Production
  Time: 20-12月-99 15:21:07
  Tracing not turned on.


***********************************************************************
Fatal NI connect error 6413, connecting to:
 (DESCRIPTION=(ADDRESS=(PROTOCOL=TCP)(HOST=192.168.0.6)(PORT=1521))(CONNECT_DATA=(SID=NQI)(CID=(PROGRAM=E:\新建文件夹 (2)\复件 复件 CDDSYS\CDDSYS.EXE)(HOST=S_YZ)(USER=s_yz))))

  VERSION INFORMATION:
	TNS for 32-bit Windows: Version 8.0.5.0.0 - Production
  Time: 20-12月-99 15:21:11
  Tracing not turned on.


***********************************************************************
Fatal NI connect error 6413, connecting to:
 (DESCRIPTION=(ADDRESS_LIST=(ADDRESS=(PROTOCOL=BEQ)(PROGRAM=oracle80)(ARGV0=oracle80ORCL)(ARGS='(DESCRIPTION=(LOCAL=YES)(ADDRESS=(PROTOCOL=beq)))')))(CONNECT_DATA=(SID=ORCL)(CID=(PROGRAM=E:\新建文件夹 (2)\复件 复件 CDDSYS\CDDSYS.EXE)(HOST=S_YZ)(USER=s_yz))))

  VERSION INFORMATION:
	TNS for 32-bit Windows: Version 8.0.5.0.0 - Production
  Time: 20-12月-99 15:21:11
  Tracing not turned on.


***********************************************************************
Fatal NI connect error 6413, connecting to:
 (DESCRIPTION=(ADDRESS=(PROTOCOL=TCP)(HOST=192.168.0.6)(PORT=1521))(CONNECT_DATA=(SID=NQI)(CID=(PROGRAM=E:\新建文件夹 (2)\复件 复件 CDDSYS\CDDSYS.EXE)(HOST=S_YZ)(USER=s_yz))))

  VERSION INFORMATION:
	TNS for 32-bit Windows: Version 8.0.5.0.0 - Production
  Time: 20-12月-99 15:23:24
  Tracing not turned on.


***********************************************************************
Fatal NI connect error 6413, connecting to:
 (DESCRIPTION=(ADDRESS_LIST=(ADDRESS=(PROTOCOL=BEQ)(PROGRAM=oracle80)(ARGV0=oracle80ORCL)(ARGS='(DESCRIPTION=(LOCAL=YES)(ADDRESS=(PROTOCOL=beq)))')))(CONNECT_DATA=(SID=ORCL)(CID=(PROGRAM=E:\新建文件夹 (2)\复件 复件 CDDSYS\CDDSYS.EXE)(HOST=S_YZ)(USER=s_yz))))

  VERSION INFORMATION:
	TNS for 32-bit Windows: Version 8.0.5.0.0 - Production
  Time: 20-12月-99 15:23:24
  Tracing not turned on.


***********************************************************************
Fatal NI connect error 6413, connecting to:
 (DESCRIPTION=(ADDRESS=(PROTOCOL=TCP)(HOST=192.168.0.6)(PORT=1521))(CONNECT_DATA=(SID=NQI)(CID=(PROGRAM=E:\新建文件夹 (2)\复件 复件 CDDSYS\CDDSYS.EXE)(HOST=S_YZ)(USER=s_yz))))

  VERSION INFORMATION:
	TNS for 32-bit Windows: Version 8.0.5.0.0 - Production
  Time: 20-12月-99 15:23:26
  Tracing not turned on.


***********************************************************************
Fatal NI connect error 6413, connecting to:
 (DESCRIPTION=(ADDRESS_LIST=(ADDRESS=(PROTOCOL=BEQ)(PROGRAM=oracle80)(ARGV0=oracle80ORCL)(ARGS='(DESCRIPTION=(LOCAL=YES)(ADDRESS=(PROTOCOL=beq)))')))(CONNECT_DATA=(SID=ORCL)(CID=(PROGRAM=E:\新建文件夹 (2)\复件 复件 CDDSYS\CDDSYS.EXE)(HOST=S_YZ)(USER=s_yz))))

  VERSION INFORMATION:
	TNS for 32-bit Windows: Version 8.0.5.0.0 - Production
  Time: 20-12月-99 15:23:26
  Tracing not turned on.


***********************************************************************
Fatal NI connect error 6413, connecting to:
 (DESCRIPTION=(ADDRESS=(PROTOCOL=TCP)(HOST=192.168.0.6)(PORT=1521))(CONNECT_DATA=(SID=NQI)(CID=(PROGRAM=E:\新建文件夹 (2)\复件 复件 CDDSYS\CDDSYS.EXE)(HOST=S_YZ)(USER=s_yz))))

  VERSION INFORMATION:
	TNS for 32-bit Windows: Version 8.0.5.0.0 - Production
  Time: 20-12月-99 15:26:33
  Tracing not turned on.


***********************************************************************
Fatal NI connect error 6413, connecting to:
 (DESCRIPTION=(ADDRESS_LIST=(ADDRESS=(PROTOCOL=BEQ)(PROGRAM=oracle80)(ARGV0=oracle80ORCL)(ARGS='(DESCRIPTION=(LOCAL=YES)(ADDRESS=(PROTOCOL=beq)))')))(CONNECT_DATA=(SID=ORCL)(CID=(PROGRAM=E:\新建文件夹 (2)\复件 复件 CDDSYS\CDDSYS.EXE)(HOST=S_YZ)(USER=s_yz))))

  VERSION INFORMATION:
	TNS for 32-bit Windows: Version 8.0.5.0.0 - Production
  Time: 20-12月-99 15:26:33
  Tracing not turned on.


***********************************************************************
Fatal NI connect error 6413, connecting to:
 (DESCRIPTION=(ADDRESS=(PROTOCOL=TCP)(HOST=192.168.0.6)(PORT=1521))(CONNECT_DATA=(SID=NQI)(CID=(PROGRAM=E:\新建文件夹 (2)\复件 复件 CDDSYS\CDDSYS.EXE)(HOST=S_YZ)(USER=s_yz))))

  VERSION INFORMATION:
	TNS for 32-bit Windows: Version 8.0.5.0.0 - Production
  Time: 20-12月-99 15:26:35
  Tracing not turned on.


***********************************************************************
Fatal NI connect error 6413, connecting to:
 (DESCRIPTION=(ADDRESS_LIST=(ADDRESS=(PROTOCOL=BEQ)(PROGRAM=oracle80)(ARGV0=oracle80ORCL)(ARGS='(DESCRIPTION=(LOCAL=YES)(ADDRESS=(PROTOCOL=beq)))')))(CONNECT_DATA=(SID=ORCL)(CID=(PROGRAM=E:\新建文件夹 (2)\复件 复件 CDDSYS\CDDSYS.EXE)(HOST=S_YZ)(USER=s_yz))))

  VERSION INFORMATION:
	TNS for 32-bit Windows: Version 8.0.5.0.0 - Production
  Time: 20-12月-99 15:26:35
  Tracing not turned on.


***********************************************************************
Fatal NI connect error 6413, connecting to:
 (DESCRIPTION=(ADDRESS=(PROTOCOL=TCP)(HOST=192.168.0.6)(PORT=1521))(CONNECT_DATA=(SID=NQI)(CID=(PROGRAM=E:\新建文件夹 (2)\复件 复件 CDDSYS\CDDSYS.EXE)(HOST=S_YZ)(USER=s_yz))))

  VERSION INFORMATION:
	TNS for 32-bit Windows: Version 8.0.5.0.0 - Production
  Time: 20-12月-99 15:28:25
  Tracing not turned on.


***********************************************************************
Fatal NI connect error 6413, connecting to:
 (DESCRIPTION=(ADDRESS_LIST=(ADDRESS=(PROTOCOL=BEQ)(PROGRAM=oracle80)(ARGV0=oracle80ORCL)(ARGS='(DESCRIPTION=(LOCAL=YES)(ADDRESS=(PROTOCOL=beq)))')))(CONNECT_DATA=(SID=ORCL)(CID=(PROGRAM=E:\新建文件夹 (2)\复件 复件 CDDSYS\CDDSYS.EXE)(HOST=S_YZ)(USER=s_yz))))

  VERSION INFORMATION:
	TNS for 32-bit Windows: Version 8.0.5.0.0 - Production
  Time: 20-12月-99 15:28:25
  Tracing not turned on.


***********************************************************************
Fatal NI connect error 6413, connecting to:
 (DESCRIPTION=(ADDRESS=(PROTOCOL=TCP)(HOST=192.168.0.6)(PORT=1521))(CONNECT_DATA=(SID=NQI)(CID=(PROGRAM=E:\新建文件夹 (2)\复件 复件 CDDSYS\CDDSYS.EXE)(HOST=S_YZ)(USER=s_yz))))

  VERSION INFORMATION:
	TNS for 32-bit Windows: Version 8.0.5.0.0 - Production
  Time: 20-12月-99 15:28:31
  Tracing not turned on.


***********************************************************************
Fatal NI connect error 6413, connecting to:
 (DESCRIPTION=(ADDRESS_LIST=(ADDRESS=(PROTOCOL=BEQ)(PROGRAM=oracle80)(ARGV0=oracle80ORCL)(ARGS='(DESCRIPTION=(LOCAL=YES)(ADDRESS=(PROTOCOL=beq)))')))(CONNECT_DATA=(SID=ORCL)(CID=(PROGRAM=E:\新建文件夹 (2)\复件 复件 CDDSYS\CDDSYS.EXE)(HOST=S_YZ)(USER=s_yz))))

  VERSION INFORMATION:
	TNS for 32-bit Windows: Version 8.0.5.0.0 - Production
  Time: 20-12月-99 15:28:31
  Tracing not turned on.


***********************************************************************
Fatal NI connect error 6413, connecting to:
 (DESCRIPTION=(ADDRESS=(PROTOCOL=TCP)(HOST=192.168.0.6)(PORT=1521))(CONNECT_DATA=(SID=NQI)(CID=(PROGRAM=E:\新建文件夹 (2)\复件 复件 CDDSYS\CDDSYS.EXE)(HOST=S_YZ)(USER=s_yz))))

  VERSION INFORMATION:
	TNS for 32-bit Windows: Version 8.0.5.0.0 - Production
  Time: 20-12月-99 15:32:52
  Tracing not turned on.


***********************************************************************
Fatal NI connect error 6413, connecting to:
 (DESCRIPTION=(ADDRESS_LIST=(ADDRESS=(PROTOCOL=BEQ)(PROGRAM=oracle80)(ARGV0=oracle80ORCL)(ARGS='(DESCRIPTION=(LOCAL=YES)(ADDRESS=(PROTOCOL=beq)))')))(CONNECT_DATA=(SID=ORCL)(CID=(PROGRAM=E:\新建文件夹 (2)\复件 复件 CDDSYS\CDDSYS.EXE)(HOST=S_YZ)(USER=s_yz))))

  VERSION INFORMATION:
	TNS for 32-bit Windows: Version 8.0.5.0.0 - Production
  Time: 20-12月-99 15:32:52
  Tracing not turned on.


***********************************************************************
Fatal NI connect error 6413, connecting to:
 (DESCRIPTION=(ADDRESS=(PROTOCOL=TCP)(HOST=192.168.0.6)(PORT=1521))(CONNECT_DATA=(SID=NQI)(CID=(PROGRAM=E:\新建文件夹 (2)\复件 复件 CDDSYS\CDDSYS.EXE)(HOST=S_YZ)(USER=s_yz))))

  VERSION INFORMATION:
	TNS for 32-bit Windows: Version 8.0.5.0.0 - Production
  Time: 20-12月-99 15:33:01
  Tracing not turned on.


***********************************************************************
Fatal NI connect error 6413, connecting to:
 (DESCRIPTION=(ADDRESS_LIST=(ADDRESS=(PROTOCOL=BEQ)(PROGRAM=oracle80)(ARGV0=oracle80ORCL)(ARGS='(DESCRIPTION=(LOCAL=YES)(ADDRESS=(PROTOCOL=beq)))')))(CONNECT_DATA=(SID=ORCL)(CID=(PROGRAM=E:\新建文件夹 (2)\复件 复件 CDDSYS\CDDSYS.EXE)(HOST=S_YZ)(USER=s_yz))))

  VERSION INFORMATION:
	TNS for 32-bit Windows: Version 8.0.5.0.0 - Production
  Time: 20-12月-99 15:33:01
  Tracing not turned on.


***********************************************************************
Fatal NI connect error 6413, connecting to:
 (DESCRIPTION=(ADDRESS=(PROTOCOL=TCP)(HOST=192.168.0.6)(PORT=1521))(CONNECT_DATA=(SID=NQI)(CID=(PROGRAM=E:\新建文件夹 (2)\复件 复件 CDDSYS\CDDSYS.EXE)(HOST=S_YZ)(USER=s_yz))))

  VERSION INFORMATION:
	TNS for 32-bit Windows: Version 8.0.5.0.0 - Production
  Time: 21-12月-99 09:54:42
  Tracing not turned on.


***********************************************************************
Fatal NI connect error 6413, connecting to:
 (DESCRIPTION=(ADDRESS_LIST=(ADDRESS=(PROTOCOL=BEQ)(PROGRAM=oracle80)(ARGV0=oracle80ORCL)(ARGS='(DESCRIPTION=(LOCAL=YES)(ADDRESS=(PROTOCOL=beq)))')))(CONNECT_DATA=(SID=ORCL)(CID=(PROGRAM=E:\新建文件夹 (2)\复件 复件 CDDSYS\CDDSYS.EXE)(HOST=S_YZ)(USER=s_yz))))

  VERSION INFORMATION:
	TNS for 32-bit Windows: Version 8.0.5.0.0 - Production
  Time: 21-12月-99 09:54:42
  Tracing not turned on.


***********************************************************************
Fatal NI connect error 6413, connecting to:
 (DESCRIPTION=(ADDRESS=(PROTOCOL=TCP)(HOST=192.168.0.6)(PORT=1521))(CONNECT_DATA=(SID=NQI)(CID=(PROGRAM=E:\新建文件夹 (2)\复件 复件 CDDSYS\CDDSYS.EXE)(HOST=S_YZ)(USER=s_yz))))

  VERSION INFORMATION:
	TNS for 32-bit Windows: Version 8.0.5.0.0 - Production
  Time: 21-12月-99 09:54:45
  Tracing not turned on.


***********************************************************************
Fatal NI connect error 6413, connecting to:
 (DESCRIPTION=(ADDRESS_LIST=(ADDRESS=(PROTOCOL=BEQ)(PROGRAM=oracle80)(ARGV0=oracle80ORCL)(ARGS='(DESCRIPTION=(LOCAL=YES)(ADDRESS=(PROTOCOL=beq)))')))(CONNECT_DATA=(SID=ORCL)(CID=(PROGRAM=E:\新建文件夹 (2)\复件 复件 CDDSYS\CDDSYS.EXE)(HOST=S_YZ)(USER=s_yz))))

  VERSION INFORMATION:
	TNS for 32-bit Windows: Version 8.0.5.0.0 - Production
  Time: 21-12月-99 09:54:45
  Tracing not turned on.


***********************************************************************
Fatal NI connect error 6413, connecting to:
 (DESCRIPTION=(ADDRESS=(PROTOCOL=TCP)(HOST=192.168.0.6)(PORT=1521))(CONNECT_DATA=(SID=NQI)(CID=(PROGRAM=E:\新建文件夹 (2)\复件 复件 CDDSYS\CDDSYS.EXE)(HOST=S_YZ)(USER=s_yz))))

  VERSION INFORMATION:
	TNS for 32-bit Windows: Version 8.0.5.0.0 - Production
  Time: 21-12月-99 10:14:07
  Tracing not turned on.


***********************************************************************
Fatal NI connect error 6413, connecting to:
 (DESCRIPTION=(ADDRESS_LIST=(ADDRESS=(PROTOCOL=BEQ)(PROGRAM=oracle80)(ARGV0=oracle80ORCL)(ARGS='(DESCRIPTION=(LOCAL=YES)(ADDRESS=(PROTOCOL=beq)))')))(CONNECT_DATA=(SID=ORCL)(CID=(PROGRAM=E:\新建文件夹 (2)\复件 复件 CDDSYS\CDDSYS.EXE)(HOST=S_YZ)(USER=s_yz))))

  VERSION INFORMATION:
	TNS for 32-bit Windows: Version 8.0.5.0.0 - Production
  Time: 21-12月-99 10:14:07
  Tracing not turned on.


***********************************************************************
Fatal NI connect error 6413, connecting to:
 (DESCRIPTION=(ADDRESS=(PROTOCOL=TCP)(HOST=192.168.0.6)(PORT=1521))(CONNECT_DATA=(SID=NQI)(CID=(PROGRAM=E:\新建文件夹 (2)\复件 复件 CDDSYS\CDDSYS.EXE)(HOST=S_YZ)(USER=s_yz))))

  VERSION INFORMATION:
	TNS for 32-bit Windows: Version 8.0.5.0.0 - Production
  Time: 21-12月-99 10:14:22
  Tracing not turned on.


***********************************************************************
Fatal NI connect error 6413, connecting to:
 (DESCRIPTION=(ADDRESS_LIST=(ADDRESS=(PROTOCOL=BEQ)(PROGRAM=oracle80)(ARGV0=oracle80ORCL)(ARGS='(DESCRIPTION=(LOCAL=YES)(ADDRESS=(PROTOCOL=beq)))')))(CONNECT_DATA=(SID=ORCL)(CID=(PROGRAM=E:\新建文件夹 (2)\复件 复件 CDDSYS\CDDSYS.EXE)(HOST=S_YZ)(USER=s_yz))))

  VERSION INFORMATION:
	TNS for 32-bit Windows: Version 8.0.5.0.0 - Production
  Time: 21-12月-99 10:14:22
  Tracing not turned on.


***********************************************************************
Fatal NI connect error 6413, connecting to:
 (DESCRIPTION=(ADDRESS=(PROTOCOL=TCP)(HOST=192.168.0.6)(PORT=1521))(CONNECT_DATA=(SID=NQI)(CID=(PROGRAM=E:\新建文件夹 (2)\复件 复件 CDDSYS\CDDSYS.EXE)(HOST=S_YZ)(USER=s_yz))))

  VERSION INFORMATION:
	TNS for 32-bit Windows: Version 8.0.5.0.0 - Production
  Time: 21-12月-99 10:14:38
  Tracing not turned on.


***********************************************************************
Fatal NI connect error 6413, connecting to:
 (DESCRIPTION=(ADDRESS_LIST=(ADDRESS=(PROTOCOL=BEQ)(PROGRAM=oracle80)(ARGV0=oracle80ORCL)(ARGS='(DESCRIPTION=(LOCAL=YES)(ADDRESS=(PROTOCOL=beq)))')))(CONNECT_DATA=(SID=ORCL)(CID=(PROGRAM=E:\新建文件夹 (2)\复件 复件 CDDSYS\CDDSYS.EXE)(HOST=S_YZ)(USER=s_yz))))

  VERSION INFORMATION:
	TNS for 32-bit Windows: Version 8.0.5.0.0 - Production
  Time: 21-12月-99 10:14:38
  Tracing not turned on.


***********************************************************************
Fatal NI connect error 6413, connecting to:
 (DESCRIPTION=(ADDRESS=(PROTOCOL=TCP)(HOST=192.168.0.6)(PORT=1521))(CONNECT_DATA=(SID=NQI)(CID=(PROGRAM=E:\新建文件夹 (2)\复件 复件 CDDSYS\CDDSYS.EXE)(HOST=S_YZ)(USER=s_yz))))

  VERSION INFORMATION:
	TNS for 32-bit Windows: Version 8.0.5.0.0 - Production
  Time: 21-12月-99 10:14:40
  Tracing not turned on.


***********************************************************************
Fatal NI connect error 6413, connecting to:
 (DESCRIPTION=(ADDRESS_LIST=(ADDRESS=(PROTOCOL=BEQ)(PROGRAM=oracle80)(ARGV0=oracle80ORCL)(ARGS='(DESCRIPTION=(LOCAL=YES)(ADDRESS=(PROTOCOL=beq)))')))(CONNECT_DATA=(SID=ORCL)(CID=(PROGRAM=E:\新建文件夹 (2)\复件 复件 CDDSYS\CDDSYS.EXE)(HOST=S_YZ)(USER=s_yz))))

  VERSION INFORMATION:
	TNS for 32-bit Windows: Version 8.0.5.0.0 - Production
  Time: 21-12月-99 10:14:40
  Tracing not turned on.


***********************************************************************
Fatal NI connect error 12203, connecting to:
 (DESCRIPTION=(ADDRESS_LIST=(ADDRESS=(PROTOCOL=BEQ)(PROGRAM=oracle80)(ARGV0=oracle80ORCL)(ARGS='(DESCRIPTION=(LOCAL=YES)(ADDRESS=(PROTOCOL=beq)))')))(CONNECT_DATA=(SID=ORCL)(CID=(PROGRAM=C:\MY DOCUMENTS\复件 复件 CDDSYS\CDDSYS.EXE)(HOST=SUN_YZ)(USER=s_yz))))

  VERSION INFORMATION:
	TNS for 32-bit Windows: Version 8.0.5.0.0 - Production
	Oracle Bequeath NT Protocol Adapter for 32-bit Windows: Version 8.0.5.0.0 - Production
  Time: 12-12月-99 11:22:26
  Tracing not turned on.
  Tns error struct:
    nr err code: 12203
    TNS-12203: TNS：无法连接到终点
    ns main err code: 12560
    TNS-12560: TNS：协议适配器出现错误
    ns secondary err code: 0
    nt main err code: 102
    TNS-00102: 关键字值结合操作错误
    nt secondary err code: 0
    nt OS err code: 0


***********************************************************************
Fatal NI connect error 12203, connecting to:
 (DESCRIPTION=(ADDRESS_LIST=(ADDRESS=(PROTOCOL=BEQ)(PROGRAM=oracle80)(ARGV0=oracle80ORCL)(ARGS='(DESCRIPTION=(LOCAL=YES)(ADDRESS=(PROTOCOL=beq)))')))(CONNECT_DATA=(SID=ORCL)(CID=(PROGRAM=C:\MY DOCUMENTS\复件 复件 CDDSYS\CDDSYS.EXE)(HOST=SUN_YZ)(USER=s_yz))))

  VERSION INFORMATION:
	TNS for 32-bit Windows: Version 8.0.5.0.0 - Production
	Oracle Bequeath NT Protocol Adapter for 32-bit Windows: Version 8.0.5.0.0 - Production
  Time: 12-12月-99 11:22:34
  Tracing not turned on.
  Tns error struct:
    nr err code: 12203
    TNS-12203: TNS：无法连接到终点
    ns main err code: 12560
    TNS-12560: TNS：协议适配器出现错误
    ns secondary err code: 0
    nt main err code: 102
    TNS-00102: 关键字值结合操作错误
    nt secondary err code: 0
    nt OS err code: 0
